#
# A fatal error has been detected by the Java Runtime Environment:
#
#  SIGSEGV (0xb) at pc=0x00007f61a01a851f, pid=16427, tid=0x00007f6142a89700
#
# JRE version: OpenJDK Runtime Environment (8.0_131-b11) (build 1.8.0_131-8u131-b11-2ubuntu1.16.04.3-b11)
# Java VM: OpenJDK 64-Bit Server VM (25.131-b11 mixed mode linux-amd64 compressed oops)
# Problematic frame:
# V  [libjvm.so+0x67251f]
#
# Failed to write core dump. Core dumps have been disabled. To enable core dumping, try "ulimit -c unlimited" before starting Java again
#
# If you would like to submit a bug report, please visit:
#   http://bugreport.java.com/bugreport/crash.jsp
#

---------------  T H R E A D  ---------------

Current thread (0x00007f6198245800):  JavaThread "AWT-XAWT" daemon [_thread_in_vm, id=16460, stack(0x00007f6142989000,0x00007f6142a8a000)]

siginfo: si_signo: 11 (SIGSEGV), si_code: 1 (SEGV_MAPERR), si_addr: 0x0000000000000000

Registers:
RAX=0x0000000000000000, RBX=0x00007f6198245800, RCX=0x0000000000000000, RDX=0x00007f61a0a4f9a9
RSP=0x00007f6142a88810, RBP=0x00007f6142a88830, RSI=0x0000000000000000, RDI=0x00007f6198245800
R8 =0x00000007058001f8, R9 =0x000000078554fb00, R10=0x00007f618942fa84, R11=0x00007f618942fa58
R12=0x00007f61982459e0, R13=0x0000000000000000, R14=0x0000000000000042, R15=0x00007f6198245800
RIP=0x00007f61a01a851f, EFLAGS=0x0000000000010202, CSGSFS=0x0000000000000033, ERR=0x0000000000000004
  TRAPNO=0x000000000000000e

Top of Stack: (sp=0x00007f6142a88810)
0x00007f6142a88810:   00007f61982459e0 00007f6128014ce0
0x00007f6142a88820:   0000000000000000 00007f6170ad6b00
0x00007f6142a88830:   00007f6142a88860 00007f61708b3f74
0x00007f6142a88840:   00007f6188c3fd80 00007f6128014ce0
0x00007f6142a88850:   00007f6142a88910 00007f6142a888e0
0x00007f6142a88860:   0000000000000000 00007f61703773c0
0x00007f6142a88870:   00007f6188c3fd80 00007f6142a888a0
0x00007f6142a88880:   0000000000000000 00007f617036ef93
0x00007f6142a88890:   00007f6142a88910 00007f61708abcef
0x00007f6142a888a0:   00007f6142a888f0 00007f618942faf6
0x00007f6142a888b0:   0000000000000000 0000000785545a50
0x00007f6142a888c0:   0000000785545a50 00007f6189765cf4
0x00007f6142a888d0:   0000000785545a50 00007f6100000000
0x00007f6142a888e0:   0000000785481038 00007f6189507fd8
0x00007f6142a888f0:   00007f6142a88970 00007f6189007850
0x00007f6142a88900:   00007f6142a88970 00007f6189007850
0x00007f6142a88910:   0000000000000000 00007f6189007b90
0x00007f6142a88920:   00007f6130001270 0000000785545a50
0x00007f6142a88930:   00007f6142a88930 00007f6188d3e70c
0x00007f6142a88940:   00007f6142a889b8 00007f6188d48428
0x00007f6142a88950:   0000000000000000 00007f6188d3e848
0x00007f6142a88960:   00007f6142a88910 00007f6142a889b0
0x00007f6142a88970:   00007f6142a88a00 00007f618900807d
0x00007f6142a88980:   0000000000000000 00000007825b13c8
0x00007f6142a88990:   0000000000000000 0000000000000000
0x00007f6142a889a0:   0000000000000000 0000000785545a50
0x00007f6142a889b0:   0000000000000000 0000000785480b80
0x00007f6142a889c0:   00007f6142a889c0 00007f6188d3e54d
0x00007f6142a889d0:   00007f6142a88a10 00007f6188d48428
0x00007f6142a889e0:   0000000000000000 00007f6188d3e558
0x00007f6142a889f0:   00007f6142a889b0 00007f6142a88a10
0x00007f6142a88a00:   00007f6142a88a58 00007f61890080c2 

Instructions: (pc=0x00007f61a01a851f)
0x00007f61a01a84ff:   ac de 00 00 74 0a 48 89 df 31 db e8 21 6d 39 00
0x00007f61a01a850f:   48 89 df e8 b9 f5 ff ff 90 48 8d 15 8a 74 8a 00
0x00007f61a01a851f:   49 8b 45 00 80 3a 00 74 60 48 8d 35 b1 94 88 00
0x00007f61a01a852f:   8b 50 08 8b 4e 08 48 d3 e2 48 89 d1 48 03 0e 48 

Register to memory mapping:

RAX=0x0000000000000000 is an unknown value
RBX=0x00007f6198245800 is a thread
RCX=0x0000000000000000 is an unknown value
RDX=0x00007f61a0a4f9a9: <offset 0xf199a9> in /usr/lib/jvm/java-8-openjdk-amd64/jre/lib/amd64/server/libjvm.so at 0x00007f619fb36000
RSP=0x00007f6142a88810 is pointing into the stack for thread: 0x00007f6198245800
RBP=0x00007f6142a88830 is pointing into the stack for thread: 0x00007f6198245800
RSI=0x0000000000000000 is an unknown value
RDI=0x00007f6198245800 is a thread
R8 =0x00000007058001f8 is an oop
[I 
 - klass: {type array int}
 - length: 9
R9 =0x000000078554fb00 is an oop
sun.util.logging.PlatformLogger$DefaultLoggerProxy 
 - klass: 'sun/util/logging/PlatformLogger$DefaultLoggerProxy'
R10=0x00007f618942fa84 is at entry_point+68 in (nmethod*)0x00007f618942f8d0
R11=0x00007f618942fa58 is at entry_point+24 in (nmethod*)0x00007f618942f8d0
R12=0x00007f61982459e0 is an unknown value
R13=0x0000000000000000 is an unknown value
R14=0x0000000000000042 is an unknown value
R15=0x00007f6198245800 is a thread


Stack: [0x00007f6142989000,0x00007f6142a8a000],  sp=0x00007f6142a88810,  free space=1022k
Native frames: (J=compiled Java code, j=interpreted, Vv=VM code, C=native code)
V  [libjvm.so+0x67251f]
C  [libawt_xawt.so+0x35f74]
C  [libX11.so.6+0x643c0]  _XimServerDestroy+0x70

Java frames: (J=compiled Java code, j=interpreted, Vv=VM code)
J 1247  sun.awt.X11.XlibWrapper.XFilterEvent(JJ)Z (0 bytes) @ 0x00007f618942fa84 [0x00007f618942fa40+0x44]
j  sun.awt.X11.XToolkit.run(Z)V+300
j  sun.awt.X11.XToolkit.run()V+5
j  java.lang.Thread.run()V+11
v  ~StubRoutines::call_stub

---------------  P R O C E S S  ---------------

Java Threads: ( => current thread )
  0x00007f6128064800 JavaThread "TimerQueue" daemon [_thread_blocked, id=16470, stack(0x00007f6141859000,0x00007f614195a000)]
  0x00007f619800c000 JavaThread "DestroyJavaVM" [_thread_blocked, id=16431, stack(0x00007f61a1788000,0x00007f61a1889000)]
  0x00007f61982e3800 JavaThread "AWT-EventQueue-0" [_thread_blocked, id=16463, stack(0x00007f6141e5b000,0x00007f6141f5c000)]
  0x00007f61982e2000 JavaThread "AWT-Shutdown" [_thread_blocked, id=16462, stack(0x00007f6141f5c000,0x00007f614205d000)]
=>0x00007f6198245800 JavaThread "AWT-XAWT" daemon [_thread_in_vm, id=16460, stack(0x00007f6142989000,0x00007f6142a8a000)]
  0x00007f619821e800 JavaThread "Java2D Disposer" daemon [_thread_blocked, id=16459, stack(0x00007f6170008000,0x00007f6170109000)]
  0x00007f61980cb000 JavaThread "Service Thread" daemon [_thread_blocked, id=16454, stack(0x00007f6170ea9000,0x00007f6170faa000)]
  0x00007f61980c6000 JavaThread "C1 CompilerThread2" daemon [_thread_blocked, id=16453, stack(0x00007f6170faa000,0x00007f61710ab000)]
  0x00007f61980c4000 JavaThread "C2 CompilerThread1" daemon [_thread_blocked, id=16452, stack(0x00007f61710ab000,0x00007f61711ac000)]
  0x00007f61980c1000 JavaThread "C2 CompilerThread0" daemon [_thread_blocked, id=16451, stack(0x00007f61711ac000,0x00007f61712ad000)]
  0x00007f6160001000 JavaThread "JDWP Command Reader" daemon [_thread_in_native, id=16447, stack(0x00007f61712ad000,0x00007f61713ae000)]
  0x00007f61980bf000 JavaThread "JDWP Event Helper Thread" daemon [_thread_blocked, id=16445, stack(0x00007f61713ae000,0x00007f61714af000)]
  0x00007f61980bb800 JavaThread "JDWP Transport Listener: dt_socket" daemon [_thread_blocked, id=16443, stack(0x00007f61714af000,0x00007f61715b0000)]
  0x00007f61980ac800 JavaThread "Signal Dispatcher" daemon [_thread_blocked, id=16441, stack(0x00007f61717b5000,0x00007f61718b6000)]
  0x00007f6198086000 JavaThread "Finalizer" daemon [_thread_blocked, id=16440, stack(0x00007f61718b6000,0x00007f61719b7000)]
  0x00007f6198081800 JavaThread "Reference Handler" daemon [_thread_blocked, id=16439, stack(0x00007f61719b7000,0x00007f6171ab8000)]

Other Threads:
  0x00007f6198079800 VMThread [stack: 0x00007f6171ab8000,0x00007f6171bb9000] [id=16438]
  0x00007f61980cd800 WatcherThread [stack: 0x00007f6170da8000,0x00007f6170ea9000] [id=16455]

VM state:not at safepoint (normal execution)

VM Mutex/Monitor currently owned by a thread: None

Heap:
 PSYoungGen      total 56320K, used 15251K [0x0000000781d80000, 0x0000000785c00000, 0x00000007c0000000)
  eden space 48640K, 22% used [0x0000000781d80000,0x0000000782812748,0x0000000784d00000)
  from space 7680K, 57% used [0x0000000785480000,0x00000007858d28a0,0x0000000785c00000)
  to   space 7680K, 0% used [0x0000000784d00000,0x0000000784d00000,0x0000000785480000)
 ParOldGen       total 128512K, used 24K [0x0000000705800000, 0x000000070d580000, 0x0000000781d80000)
  object space 128512K, 0% used [0x0000000705800000,0x0000000705806000,0x000000070d580000)
 Metaspace       used 17640K, capacity 17888K, committed 18304K, reserved 1064960K
  class space    used 2045K, capacity 2132K, committed 2176K, reserved 1048576K

Card table byte_map: [0x00007f619d157000,0x00007f619d72c000] byte_map_base: 0x00007f619992b000

Marking Bits: (ParMarkBitMap*) 0x00007f61a0a592c0
 Begin Bits: [0x00007f61722c0000, 0x00007f6175160000)
 End Bits:   [0x00007f6175160000, 0x00007f6178000000)

Polling page: 0x00007f61a18ac000

CodeCache: size=245760Kb used=10687Kb max_used=10752Kb free=235072Kb
 bounds [0x00007f6189000000, 0x00007f6189aa0000, 0x00007f6198000000]
 total_blobs=3401 nmethods=2814 adapters=506
 compilation: enabled

Compilation events (10 events):
Event: 810.739 Thread 0x00007f61980c6000 3375       3       java.util.Collections$UnmodifiableCollection$1::<init> (26 bytes)
Event: 810.740 Thread 0x00007f61980c6000 nmethod 3375 0x00007f618928cb10 code [0x00007f618928cc80, 0x00007f618928cf48]
Event: 828.280 Thread 0x00007f61980c6000 3376       3       sun.awt.X11.XEvent::get_xclient (22 bytes)
Event: 828.281 Thread 0x00007f61980c6000 nmethod 3376 0x00007f61892f1c50 code [0x00007f61892f1e00, 0x00007f61892f23d8]
Event: 828.281 Thread 0x00007f61980c6000 3377       3       sun.awt.X11.XClientMessageEvent::<init> (30 bytes)
Event: 828.282 Thread 0x00007f61980c6000 nmethod 3377 0x00007f6189413c10 code [0x00007f6189413da0, 0x00007f6189414148]
Event: 828.302 Thread 0x00007f61980c6000 3378       3       sun.awt.X11.XNETProtocol::isStateChange (50 bytes)
Event: 828.303 Thread 0x00007f61980c6000 nmethod 3378 0x00007f618938cd10 code [0x00007f618938cf80, 0x00007f618938dff8]
Event: 902.865 Thread 0x00007f61980c4000 3379  s    4       sun.java2d.Disposer::add (61 bytes)
Event: 902.875 Thread 0x00007f61980c4000 nmethod 3379 0x00007f6189421d90 code [0x00007f6189421f00, 0x00007f61894223e8]

GC Heap History (4 events):
Event: 64.404 GC heap before
{Heap before GC invocations=1 (full 0):
 PSYoungGen      total 56320K, used 48640K [0x0000000781d80000, 0x0000000785c00000, 0x00000007c0000000)
  eden space 48640K, 100% used [0x0000000781d80000,0x0000000784d00000,0x0000000784d00000)
  from space 7680K, 0% used [0x0000000785480000,0x0000000785480000,0x0000000785c00000)
  to   space 7680K, 0% used [0x0000000784d00000,0x0000000784d00000,0x0000000785480000)
 ParOldGen       total 128512K, used 0K [0x0000000705800000, 0x000000070d580000, 0x0000000781d80000)
  object space 128512K, 0% used [0x0000000705800000,0x0000000705800000,0x000000070d580000)
 Metaspace       used 16163K, capacity 16356K, committed 16640K, reserved 1064960K
  class space    used 1895K, capacity 1966K, committed 2048K, reserved 1048576K
Event: 64.420 GC heap after
Heap after GC invocations=1 (full 0):
 PSYoungGen      total 56320K, used 3220K [0x0000000781d80000, 0x0000000785c00000, 0x00000007c0000000)
  eden space 48640K, 0% used [0x0000000781d80000,0x0000000781d80000,0x0000000784d00000)
  from space 7680K, 41% used [0x0000000784d00000,0x0000000785025050,0x0000000785480000)
  to   space 7680K, 0% used [0x0000000785480000,0x0000000785480000,0x0000000785c00000)
 ParOldGen       total 128512K, used 16K [0x0000000705800000, 0x000000070d580000, 0x0000000781d80000)
  object space 128512K, 0% used [0x0000000705800000,0x0000000705804000,0x000000070d580000)
 Metaspace       used 16163K, capacity 16356K, committed 16640K, reserved 1064960K
  class space    used 1895K, capacity 1966K, committed 2048K, reserved 1048576K
}
Event: 624.858 GC heap before
{Heap before GC invocations=2 (full 0):
 PSYoungGen      total 56320K, used 51860K [0x0000000781d80000, 0x0000000785c00000, 0x00000007c0000000)
  eden space 48640K, 100% used [0x0000000781d80000,0x0000000784d00000,0x0000000784d00000)
  from space 7680K, 41% used [0x0000000784d00000,0x0000000785025050,0x0000000785480000)
  to   space 7680K, 0% used [0x0000000785480000,0x0000000785480000,0x0000000785c00000)
 ParOldGen       total 128512K, used 16K [0x0000000705800000, 0x000000070d580000, 0x0000000781d80000)
  object space 128512K, 0% used [0x0000000705800000,0x0000000705804000,0x000000070d580000)
 Metaspace       used 17504K, capacity 17728K, committed 18048K, reserved 1064960K
  class space    used 2030K, capacity 2100K, committed 2176K, reserved 1048576K
Event: 624.874 GC heap after
Heap after GC invocations=2 (full 0):
 PSYoungGen      total 56320K, used 4426K [0x0000000781d80000, 0x0000000785c00000, 0x00000007c0000000)
  eden space 48640K, 0% used [0x0000000781d80000,0x0000000781d80000,0x0000000784d00000)
  from space 7680K, 57% used [0x0000000785480000,0x00000007858d28a0,0x0000000785c00000)
  to   space 7680K, 0% used [0x0000000784d00000,0x0000000784d00000,0x0000000785480000)
 ParOldGen       total 128512K, used 24K [0x0000000705800000, 0x000000070d580000, 0x0000000781d80000)
  object space 128512K, 0% used [0x0000000705800000,0x0000000705806000,0x000000070d580000)
 Metaspace       used 17504K, capacity 17728K, committed 18048K, reserved 1064960K
  class space    used 2030K, capacity 2100K, committed 2176K, reserved 1048576K
}

Deoptimization events (10 events):
Event: 213.983 Thread 0x00007f61982e3800 Uncommon trap: reason=bimorphic action=maybe_recompile pc=0x00007f61898a9f6c method=java.awt.Container.insets()Ljava/awt/Insets; @ 18
Event: 230.478 Thread 0x00007f61982e3800 Uncommon trap: reason=class_check action=maybe_recompile pc=0x00007f618989978c method=java.awt.LightweightDispatcher.eventDispatched(Ljava/awt/AWTEvent;)V @ 70
Event: 232.558 Thread 0x00007f61982e3800 Uncommon trap: reason=unstable_if action=reinterpret pc=0x00007f61898aa1a8 method=sun.awt.X11.XDecoratedPeer.guessInsets()Ljava/awt/Insets; @ 51
Event: 314.591 Thread 0x00007f61982e3800 Uncommon trap: reason=bimorphic action=maybe_recompile pc=0x00007f61899551a4 method=java.awt.Component.dispatchEventImpl(Ljava/awt/AWTEvent;)V @ 506
Event: 314.591 Thread 0x00007f61982e3800 Uncommon trap: reason=bimorphic action=maybe_recompile pc=0x00007f61899a4814 method=java.awt.Component.processEvent(Ljava/awt/AWTEvent;)V @ 121
Event: 477.707 Thread 0x00007f6198245800 Uncommon trap: reason=unstable_if action=reinterpret pc=0x00007f61891f49a4 method=sun.awt.X11.XWindow.getModifiers(III)I @ 105
Event: 477.707 Thread 0x00007f6198245800 Uncommon trap: reason=unstable_if action=reinterpret pc=0x00007f61899217b8 method=sun.awt.X11.XWindow.getModifiers(III)I @ 105
Event: 547.786 Thread 0x00007f61982e3800 Uncommon trap: reason=class_check action=maybe_recompile pc=0x00007f618989978c method=java.awt.LightweightDispatcher.eventDispatched(Ljava/awt/AWTEvent;)V @ 70
Event: 624.839 Thread 0x00007f61982e3800 Uncommon trap: reason=class_check action=maybe_recompile pc=0x00007f61893237a8 method=javax.swing.plaf.basic.BasicBorders$MarginBorder.getBorderInsets(Ljava/awt/Component;Ljava/awt/Insets;)Ljava/awt/Insets; @ 54
Event: 624.848 Thread 0x00007f61982e3800 Uncommon trap: reason=class_check action=maybe_recompile pc=0x00007f61893237a8 method=javax.swing.plaf.basic.BasicBorders$MarginBorder.getBorderInsets(Ljava/awt/Component;Ljava/awt/Insets;)Ljava/awt/Insets; @ 54

Internal exceptions (10 events):
Event: 496.683 Thread 0x00007f61982e3800 Exception <a 'java/lang/UnsupportedOperationException': > (0x000000078464a4b8) thrown at [/build/openjdk-8-pZyJp3/openjdk-8-8u131-b11/src/hotspot/src/share/vm/prims/jni.cpp, line 735]
Event: 547.067 Thread 0x00007f61982e3800 Exception <a 'java/lang/UnsupportedOperationException': > (0x000000078489b2e0) thrown at [/build/openjdk-8-pZyJp3/openjdk-8-8u131-b11/src/hotspot/src/share/vm/prims/jni.cpp, line 735]
Event: 565.157 Thread 0x00007f61982e3800 Exception <a 'java/lang/UnsupportedOperationException': > (0x0000000784a62ba0) thrown at [/build/openjdk-8-pZyJp3/openjdk-8-8u131-b11/src/hotspot/src/share/vm/prims/jni.cpp, line 735]
Event: 584.058 Thread 0x00007f61982e3800 Exception <a 'java/lang/UnsupportedOperationException': > (0x0000000784c03ef0) thrown at [/build/openjdk-8-pZyJp3/openjdk-8-8u131-b11/src/hotspot/src/share/vm/prims/jni.cpp, line 735]
Event: 625.034 Thread 0x00007f61982e3800 Exception <a 'java/lang/UnsupportedOperationException': > (0x0000000781f665a0) thrown at [/build/openjdk-8-pZyJp3/openjdk-8-8u131-b11/src/hotspot/src/share/vm/prims/jni.cpp, line 735]
Event: 656.099 Thread 0x00007f61982e3800 Exception <a 'java/lang/UnsupportedOperationException': > (0x0000000782362f40) thrown at [/build/openjdk-8-pZyJp3/openjdk-8-8u131-b11/src/hotspot/src/share/vm/prims/jni.cpp, line 735]
Event: 663.026 Thread 0x00007f61982e3800 Exception <a 'java/lang/UnsupportedOperationException': > (0x0000000782636980) thrown at [/build/openjdk-8-pZyJp3/openjdk-8-8u131-b11/src/hotspot/src/share/vm/prims/jni.cpp, line 735]
Event: 678.115 Thread 0x00007f61982e3800 Exception <a 'java/lang/ArrayIndexOutOfBoundsException'> (0x00000007826ec4f0) thrown at [/build/openjdk-8-pZyJp3/openjdk-8-8u131-b11/src/hotspot/src/share/vm/oops/typeArrayKlass.cpp, line 145]
Event: 678.116 Thread 0x00007f61982e3800 Exception <a 'java/lang/ArrayIndexOutOfBoundsException'> (0x00000007826ec4f0) thrown at [/build/openjdk-8-pZyJp3/openjdk-8-8u131-b11/src/hotspot/src/share/vm/prims/jvm.cpp, line 1394]
Event: 678.116 Thread 0x00007f61982e3800 Exception <a 'java/lang/ArrayIndexOutOfBoundsException'> (0x00000007826ec4f0) thrown at [/build/openjdk-8-pZyJp3/openjdk-8-8u131-b11/src/hotspot/src/share/vm/prims/jvm.cpp, line 1394]

Events (10 events):
Event: 828.303 Thread 0x00007f61980c6000 flushing nmethod 0x00007f6189526750
Event: 828.303 Thread 0x00007f61980c6000 flushing nmethod 0x00007f618952a2d0
Event: 828.303 Thread 0x00007f61980c6000 flushing nmethod 0x00007f6189547ad0
Event: 902.875 Thread 0x00007f61980c4000 flushing nmethod 0x00007f6189595690
Event: 943.168 loading class sun/awt/X11/XkbEvent
Event: 943.168 loading class sun/awt/X11/XkbEvent done
Event: 943.170 loading class sun/awt/X11/XkbAnyEvent
Event: 943.171 loading class sun/awt/X11/XkbAnyEvent done
Event: 957.212 loading class sun/awt/X11/XDestroyWindowEvent
Event: 957.212 loading class sun/awt/X11/XDestroyWindowEvent done


Dynamic libraries:
00400000-00401000 r-xp 00000000 08:01 12850646                           /usr/lib/jvm/java-8-openjdk-amd64/jre/bin/java
00600000-00601000 r--p 00000000 08:01 12850646                           /usr/lib/jvm/java-8-openjdk-amd64/jre/bin/java
00601000-00602000 rw-p 00001000 08:01 12850646                           /usr/lib/jvm/java-8-openjdk-amd64/jre/bin/java
00cd6000-0119d000 rw-p 00000000 00:00 0                                  [heap]
705800000-70d580000 rw-p 00000000 00:00 0 
70d580000-781d80000 ---p 00000000 00:00 0 
781d80000-785c00000 rw-p 00000000 00:00 0 
785c00000-7c0000000 ---p 00000000 00:00 0 
7c0000000-7c0220000 rw-p 00000000 00:00 0 
7c0220000-800000000 ---p 00000000 00:00 0 
7f6120000000-7f6120021000 rw-p 00000000 00:00 0 
7f6120021000-7f6124000000 ---p 00000000 00:00 0 
7f6124000000-7f6124021000 rw-p 00000000 00:00 0 
7f6124021000-7f6128000000 ---p 00000000 00:00 0 
7f6128000000-7f6128167000 rw-p 00000000 00:00 0 
7f6128167000-7f612c000000 ---p 00000000 00:00 0 
7f612c000000-7f612c029000 rw-p 00000000 00:00 0 
7f612c029000-7f6130000000 ---p 00000000 00:00 0 
7f6130000000-7f613002b000 rw-p 00000000 00:00 0 
7f613002b000-7f6134000000 ---p 00000000 00:00 0 
7f6134000000-7f6134021000 rw-p 00000000 00:00 0 
7f6134021000-7f6138000000 ---p 00000000 00:00 0 
7f6138000000-7f6138021000 rw-p 00000000 00:00 0 
7f6138021000-7f613c000000 ---p 00000000 00:00 0 
7f613c000000-7f613c021000 rw-p 00000000 00:00 0 
7f613c021000-7f6140000000 ---p 00000000 00:00 0 
7f6141558000-7f6141718000 rw-p 00000000 00:00 0 
7f6141718000-7f614175b000 ---p 00000000 00:00 0 
7f614175b000-7f6141859000 rw-p 00000000 00:00 0 
7f6141859000-7f614185c000 ---p 00000000 00:00 0 
7f614185c000-7f6141b5a000 rw-p 00000000 00:00 0 
7f6141b5a000-7f6141b5d000 ---p 00000000 00:00 0 
7f6141b5d000-7f6141e5b000 rw-p 00000000 00:00 0 
7f6141e5b000-7f6141e5e000 ---p 00000000 00:00 0 
7f6141e5e000-7f6141f5c000 rw-p 00000000 00:00 0 
7f6141f5c000-7f6141f5f000 ---p 00000000 00:00 0 
7f6141f5f000-7f614205d000 rw-p 00000000 00:00 0 
7f614205d000-7f614206e000 r-xp 00000000 08:01 12984914                   /usr/lib/jvm/java-8-openjdk-amd64/jre/lib/amd64/libnio.so
7f614206e000-7f614226e000 ---p 00011000 08:01 12984914                   /usr/lib/jvm/java-8-openjdk-amd64/jre/lib/amd64/libnio.so
7f614226e000-7f614226f000 r--p 00011000 08:01 12984914                   /usr/lib/jvm/java-8-openjdk-amd64/jre/lib/amd64/libnio.so
7f614226f000-7f6142270000 rw-p 00012000 08:01 12984914                   /usr/lib/jvm/java-8-openjdk-amd64/jre/lib/amd64/libnio.so
7f6142270000-7f6142571000 rw-p 00000000 00:00 0 
7f6142571000-7f6142588000 r-xp 00000000 08:01 12986183                   /usr/lib/jvm/java-8-openjdk-amd64/jre/lib/amd64/libnet.so
7f6142588000-7f6142787000 ---p 00017000 08:01 12986183                   /usr/lib/jvm/java-8-openjdk-amd64/jre/lib/amd64/libnet.so
7f6142787000-7f6142788000 r--p 00016000 08:01 12986183                   /usr/lib/jvm/java-8-openjdk-amd64/jre/lib/amd64/libnet.so
7f6142788000-7f6142789000 rw-p 00017000 08:01 12986183                   /usr/lib/jvm/java-8-openjdk-amd64/jre/lib/amd64/libnet.so
7f6142789000-7f6142989000 rw-p 00000000 00:00 0 
7f6142989000-7f614298c000 ---p 00000000 00:00 0 
7f614298c000-7f6142a8a000 rw-p 00000000 00:00 0 
7f6142a8a000-7f6142a8f000 r-xp 00000000 08:01 12459700                   /usr/lib/x86_64-linux-gnu/libXfixes.so.3.1.0
7f6142a8f000-7f6142c8e000 ---p 00005000 08:01 12459700                   /usr/lib/x86_64-linux-gnu/libXfixes.so.3.1.0
7f6142c8e000-7f6142c8f000 r--p 00004000 08:01 12459700                   /usr/lib/x86_64-linux-gnu/libXfixes.so.3.1.0
7f6142c8f000-7f6142c90000 rw-p 00005000 08:01 12459700                   /usr/lib/x86_64-linux-gnu/libXfixes.so.3.1.0
7f6142c90000-7f6142c99000 r-xp 00000000 08:01 12459692                   /usr/lib/x86_64-linux-gnu/libXcursor.so.1.0.2
7f6142c99000-7f6142e98000 ---p 00009000 08:01 12459692                   /usr/lib/x86_64-linux-gnu/libXcursor.so.1.0.2
7f6142e98000-7f6142e99000 r--p 00008000 08:01 12459692                   /usr/lib/x86_64-linux-gnu/libXcursor.so.1.0.2
7f6142e99000-7f6142e9a000 rw-p 00009000 08:01 12459692                   /usr/lib/x86_64-linux-gnu/libXcursor.so.1.0.2
7f6142e9a000-7f6142ebe000 r-xp 00000000 08:01 5902796                    /lib/x86_64-linux-gnu/libpng12.so.0.54.0
7f6142ebe000-7f61430bd000 ---p 00024000 08:01 5902796                    /lib/x86_64-linux-gnu/libpng12.so.0.54.0
7f61430bd000-7f61430be000 r--p 00023000 08:01 5902796                    /lib/x86_64-linux-gnu/libpng12.so.0.54.0
7f61430be000-7f61430bf000 rw-p 00024000 08:01 5902796                    /lib/x86_64-linux-gnu/libpng12.so.0.54.0
7f61430bf000-7f6143163000 r-xp 00000000 08:01 12452575                   /usr/lib/x86_64-linux-gnu/libfreetype.so.6.12.1
7f6143163000-7f6143362000 ---p 000a4000 08:01 12452575                   /usr/lib/x86_64-linux-gnu/libfreetype.so.6.12.1
7f6143362000-7f6143368000 r--p 000a3000 08:01 12452575                   /usr/lib/x86_64-linux-gnu/libfreetype.so.6.12.1
7f6143368000-7f6143369000 rw-p 000a9000 08:01 12452575                   /usr/lib/x86_64-linux-gnu/libfreetype.so.6.12.1
7f6143369000-7f61433bb000 r-xp 00000000 08:01 12984889                   /usr/lib/jvm/java-8-openjdk-amd64/jre/lib/amd64/libfontmanager.so
7f61433bb000-7f61435bb000 ---p 00052000 08:01 12984889                   /usr/lib/jvm/java-8-openjdk-amd64/jre/lib/amd64/libfontmanager.so
7f61435bb000-7f61435bd000 r--p 00052000 08:01 12984889                   /usr/lib/jvm/java-8-openjdk-amd64/jre/lib/amd64/libfontmanager.so
7f61435bd000-7f61435be000 rw-p 00054000 08:01 12984889                   /usr/lib/jvm/java-8-openjdk-amd64/jre/lib/amd64/libfontmanager.so
7f61435be000-7f61435c3000 r-xp 00000000 08:01 12459696                   /usr/lib/x86_64-linux-gnu/libXdmcp.so.6.0.0
7f61435c3000-7f61437c2000 ---p 00005000 08:01 12459696                   /usr/lib/x86_64-linux-gnu/libXdmcp.so.6.0.0
7f61437c2000-7f61437c3000 r--p 00004000 08:01 12459696                   /usr/lib/x86_64-linux-gnu/libXdmcp.so.6.0.0
7f61437c3000-7f61437c4000 rw-p 00005000 08:01 12459696                   /usr/lib/x86_64-linux-gnu/libXdmcp.so.6.0.0
7f61437c4000-7f61437c6000 r-xp 00000000 08:01 12459685                   /usr/lib/x86_64-linux-gnu/libXau.so.6.0.0
7f61437c6000-7f61439c6000 ---p 00002000 08:01 12459685                   /usr/lib/x86_64-linux-gnu/libXau.so.6.0.0
7f61439c6000-7f61439c7000 r--p 00002000 08:01 12459685                   /usr/lib/x86_64-linux-gnu/libXau.so.6.0.0
7f61439c7000-7f61439c8000 rw-p 00003000 08:01 12459685                   /usr/lib/x86_64-linux-gnu/libXau.so.6.0.0
7f61439c8000-7f61439e9000 r-xp 00000000 08:01 12461063                   /usr/lib/x86_64-linux-gnu/libxcb.so.1.1.0
7f61439e9000-7f6143be8000 ---p 00021000 08:01 12461063                   /usr/lib/x86_64-linux-gnu/libxcb.so.1.1.0
7f6143be8000-7f6143be9000 r--p 00020000 08:01 12461063                   /usr/lib/x86_64-linux-gnu/libxcb.so.1.1.0
7f6143be9000-7f6143bea000 rw-p 00021000 08:01 12461063                   /usr/lib/x86_64-linux-gnu/libxcb.so.1.1.0
7f6143bea000-7f6143bf9000 r-xp 00000000 08:01 12459706                   /usr/lib/x86_64-linux-gnu/libXi.so.6.1.0
7f6143bf9000-7f6143df8000 ---p 0000f000 08:01 12459706                   /usr/lib/x86_64-linux-gnu/libXi.so.6.1.0
7f6143df8000-7f6143df9000 r--p 0000e000 08:01 12459706                   /usr/lib/x86_64-linux-gnu/libXi.so.6.1.0
7f6143df9000-7f6143dfa000 rw-p 0000f000 08:01 12459706                   /usr/lib/x86_64-linux-gnu/libXi.so.6.1.0
7f6143dfa000-7f6143dff000 r-xp 00000000 08:01 12459724                   /usr/lib/x86_64-linux-gnu/libXtst.so.6.1.0
7f6143dff000-7f6143ffe000 ---p 00005000 08:01 12459724                   /usr/lib/x86_64-linux-gnu/libXtst.so.6.1.0
7f6143ffe000-7f6143fff000 r--p 00004000 08:01 12459724                   /usr/lib/x86_64-linux-gnu/libXtst.so.6.1.0
7f6143fff000-7f6144000000 rw-p 00005000 08:01 12459724                   /usr/lib/x86_64-linux-gnu/libXtst.so.6.1.0
7f6144000000-7f6144791000 rw-p 00000000 00:00 0 
7f6144791000-7f6148000000 ---p 00000000 00:00 0 
7f6148000000-7f6148021000 rw-p 00000000 00:00 0 
7f6148021000-7f614c000000 ---p 00000000 00:00 0 
7f614c000000-7f614fc5a000 rw-p 00000000 00:00 0 
7f614fc5a000-7f6150000000 ---p 00000000 00:00 0 
7f6150000000-7f6153ffa000 rw-p 00000000 00:00 0 
7f6153ffa000-7f6154000000 ---p 00000000 00:00 0 
7f6154000000-7f6154021000 rw-p 00000000 00:00 0 
7f6154021000-7f6158000000 ---p 00000000 00:00 0 
7f6158000000-7f6158021000 rw-p 00000000 00:00 0 
7f6158021000-7f615c000000 ---p 00000000 00:00 0 
7f615c000000-7f615c021000 rw-p 00000000 00:00 0 
7f615c021000-7f6160000000 ---p 00000000 00:00 0 
7f6160000000-7f6160021000 rw-p 00000000 00:00 0 
7f6160021000-7f6164000000 ---p 00000000 00:00 0 
7f6164000000-7f6164021000 rw-p 00000000 00:00 0 
7f6164021000-7f6168000000 ---p 00000000 00:00 0 
7f6168000000-7f6168021000 rw-p 00000000 00:00 0 
7f6168021000-7f616c000000 ---p 00000000 00:00 0 
7f616c000000-7f616c03c000 rw-p 00000000 00:00 0 
7f616c03c000-7f6170000000 ---p 00000000 00:00 0 
7f6170008000-7f617000b000 ---p 00000000 00:00 0 
7f617000b000-7f6170109000 rw-p 00000000 00:00 0 
7f6170109000-7f6170112000 r-xp 00000000 08:01 12459718                   /usr/lib/x86_64-linux-gnu/libXrender.so.1.3.0
7f6170112000-7f6170311000 ---p 00009000 08:01 12459718                   /usr/lib/x86_64-linux-gnu/libXrender.so.1.3.0
7f6170311000-7f6170312000 r--p 00008000 08:01 12459718                   /usr/lib/x86_64-linux-gnu/libXrender.so.1.3.0
7f6170312000-7f6170313000 rw-p 00009000 08:01 12459718                   /usr/lib/x86_64-linux-gnu/libXrender.so.1.3.0
7f6170313000-7f6170448000 r-xp 00000000 08:01 12459681                   /usr/lib/x86_64-linux-gnu/libX11.so.6.3.0
7f6170448000-7f6170648000 ---p 00135000 08:01 12459681                   /usr/lib/x86_64-linux-gnu/libX11.so.6.3.0
7f6170648000-7f6170649000 r--p 00135000 08:01 12459681                   /usr/lib/x86_64-linux-gnu/libX11.so.6.3.0
7f6170649000-7f617064d000 rw-p 00136000 08:01 12459681                   /usr/lib/x86_64-linux-gnu/libX11.so.6.3.0
7f617064d000-7f617065e000 r-xp 00000000 08:01 12459698                   /usr/lib/x86_64-linux-gnu/libXext.so.6.4.0
7f617065e000-7f617085d000 ---p 00011000 08:01 12459698                   /usr/lib/x86_64-linux-gnu/libXext.so.6.4.0
7f617085d000-7f617085e000 r--p 00010000 08:01 12459698                   /usr/lib/x86_64-linux-gnu/libXext.so.6.4.0
7f617085e000-7f617085f000 rw-p 00011000 08:01 12459698                   /usr/lib/x86_64-linux-gnu/libXext.so.6.4.0
7f617087e000-7f61708d2000 r-xp 00000000 08:01 12986241                   /usr/lib/jvm/java-8-openjdk-amd64/jre/lib/amd64/libawt_xawt.so
7f61708d2000-7f6170ad2000 ---p 00054000 08:01 12986241                   /usr/lib/jvm/java-8-openjdk-amd64/jre/lib/amd64/libawt_xawt.so
7f6170ad2000-7f6170ad3000 r--p 00054000 08:01 12986241                   /usr/lib/jvm/java-8-openjdk-amd64/jre/lib/amd64/libawt_xawt.so
7f6170ad3000-7f6170ad6000 rw-p 00055000 08:01 12986241                   /usr/lib/jvm/java-8-openjdk-amd64/jre/lib/amd64/libawt_xawt.so
7f6170ad6000-7f6170ad7000 rw-p 00000000 00:00 0 
7f6170ad7000-7f6170b77000 r-xp 00000000 08:01 12986197                   /usr/lib/jvm/java-8-openjdk-amd64/jre/lib/amd64/libawt.so
7f6170b77000-7f6170d77000 ---p 000a0000 08:01 12986197                   /usr/lib/jvm/java-8-openjdk-amd64/jre/lib/amd64/libawt.so
7f6170d77000-7f6170d78000 r--p 000a0000 08:01 12986197                   /usr/lib/jvm/java-8-openjdk-amd64/jre/lib/amd64/libawt.so
7f6170d78000-7f6170d83000 rw-p 000a1000 08:01 12986197                   /usr/lib/jvm/java-8-openjdk-amd64/jre/lib/amd64/libawt.so
7f6170d83000-7f6170da8000 rw-p 00000000 00:00 0 
7f6170da8000-7f6170da9000 ---p 00000000 00:00 0 
7f6170da9000-7f6170ea9000 rw-p 00000000 00:00 0 
7f6170ea9000-7f6170eac000 ---p 00000000 00:00 0 
7f6170eac000-7f6170faa000 rw-p 00000000 00:00 0 
7f6170faa000-7f6170fad000 ---p 00000000 00:00 0 
7f6170fad000-7f61710ab000 rw-p 00000000 00:00 0 
7f61710ab000-7f61710ae000 ---p 00000000 00:00 0 
7f61710ae000-7f61711ac000 rw-p 00000000 00:00 0 
7f61711ac000-7f61711af000 ---p 00000000 00:00 0 
7f61711af000-7f61712ad000 rw-p 00000000 00:00 0 
7f61712ad000-7f61712b0000 ---p 00000000 00:00 0 
7f61712b0000-7f61713ae000 rw-p 00000000 00:00 0 
7f61713ae000-7f61713b1000 ---p 00000000 00:00 0 
7f61713b1000-7f61714af000 rw-p 00000000 00:00 0 
7f61714af000-7f61714b2000 ---p 00000000 00:00 0 
7f61714b2000-7f61715b0000 rw-p 00000000 00:00 0 
7f61715b0000-7f61715b4000 r-xp 00000000 08:01 12986239                   /usr/lib/jvm/java-8-openjdk-amd64/jre/lib/amd64/libdt_socket.so
7f61715b4000-7f61717b3000 ---p 00004000 08:01 12986239                   /usr/lib/jvm/java-8-openjdk-amd64/jre/lib/amd64/libdt_socket.so
7f61717b3000-7f61717b4000 r--p 00003000 08:01 12986239                   /usr/lib/jvm/java-8-openjdk-amd64/jre/lib/amd64/libdt_socket.so
7f61717b4000-7f61717b5000 rw-p 00004000 08:01 12986239                   /usr/lib/jvm/java-8-openjdk-amd64/jre/lib/amd64/libdt_socket.so
7f61717b5000-7f61717b8000 ---p 00000000 00:00 0 
7f61717b8000-7f61718b6000 rw-p 00000000 00:00 0 
7f61718b6000-7f61718b9000 ---p 00000000 00:00 0 
7f61718b9000-7f61719b7000 rw-p 00000000 00:00 0 
7f61719b7000-7f61719ba000 ---p 00000000 00:00 0 
7f61719ba000-7f6171ab8000 rw-p 00000000 00:00 0 
7f6171ab8000-7f6171ab9000 ---p 00000000 00:00 0 
7f6171ab9000-7f6178000000 rw-p 00000000 00:00 0 
7f6178000000-7f6178021000 rw-p 00000000 00:00 0 
7f6178021000-7f617c000000 ---p 00000000 00:00 0 
7f617c000000-7f617c021000 rw-p 00000000 00:00 0 
7f617c021000-7f6180000000 ---p 00000000 00:00 0 
7f6180000000-7f6180021000 rw-p 00000000 00:00 0 
7f6180021000-7f6184000000 ---p 00000000 00:00 0 
7f6184000000-7f6184021000 rw-p 00000000 00:00 0 
7f6184021000-7f6188000000 ---p 00000000 00:00 0 
7f618800b000-7f618801e000 r--s 00346000 08:01 12845094                   /usr/lib/jvm/java-8-openjdk-amd64/jre/lib/resources.jar
7f618801e000-7f6188039000 r--s 00394000 08:01 12983297                   /usr/lib/jvm/java-8-openjdk-amd64/jre/lib/ext/cldrdata.jar
7f6188039000-7f6188054000 r--s 001d6000 08:01 12983453                   /usr/lib/jvm/java-8-openjdk-amd64/jre/lib/ext/nashorn.jar
7f6188054000-7f6189000000 rw-p 00000000 00:00 0 
7f6189000000-7f6189aa0000 rwxp 00000000 00:00 0 
7f6189aa0000-7f6198000000 ---p 00000000 00:00 0 
7f6198000000-7f619831b000 rw-p 00000000 00:00 0 
7f619831b000-7f619c000000 ---p 00000000 00:00 0 
7f619c009000-7f619c158000 rw-p 00000000 00:00 0 
7f619c158000-7f619c326000 r--s 03c13000 08:01 12845089                   /usr/lib/jvm/java-8-openjdk-amd64/jre/lib/rt.jar
7f619c326000-7f619c970000 rw-p 00000000 00:00 0 
7f619c970000-7f619c971000 ---p 00000000 00:00 0 
7f619c971000-7f619ca71000 rw-p 00000000 00:00 0 
7f619ca71000-7f619ca72000 ---p 00000000 00:00 0 
7f619ca72000-7f619cb72000 rw-p 00000000 00:00 0 
7f619cb72000-7f619cb73000 ---p 00000000 00:00 0 
7f619cb73000-7f619cc73000 rw-p 00000000 00:00 0 
7f619cc73000-7f619cc74000 ---p 00000000 00:00 0 
7f619cc74000-7f619cdb3000 rw-p 00000000 00:00 0 
7f619cdb3000-7f619d157000 ---p 00000000 00:00 0 
7f619d157000-7f619d196000 rw-p 00000000 00:00 0 
7f619d196000-7f619d539000 ---p 00000000 00:00 0 
7f619d539000-7f619d559000 rw-p 00000000 00:00 0 
7f619d559000-7f619d72b000 ---p 00000000 00:00 0 
7f619d72b000-7f619d757000 rw-p 00000000 00:00 0 
7f619d757000-7f619daec000 ---p 00000000 00:00 0 
7f619daec000-7f619daf4000 r-xp 00000000 08:01 12986022                   /usr/lib/jvm/java-8-openjdk-amd64/jre/lib/amd64/libzip.so
7f619daf4000-7f619dcf3000 ---p 00008000 08:01 12986022                   /usr/lib/jvm/java-8-openjdk-amd64/jre/lib/amd64/libzip.so
7f619dcf3000-7f619dcf4000 r--p 00007000 08:01 12986022                   /usr/lib/jvm/java-8-openjdk-amd64/jre/lib/amd64/libzip.so
7f619dcf4000-7f619dcf5000 rw-p 00008000 08:01 12986022                   /usr/lib/jvm/java-8-openjdk-amd64/jre/lib/amd64/libzip.so
7f619dcf5000-7f619dd00000 r-xp 00000000 08:01 5901633                    /lib/x86_64-linux-gnu/libnss_files-2.23.so
7f619dd00000-7f619deff000 ---p 0000b000 08:01 5901633                    /lib/x86_64-linux-gnu/libnss_files-2.23.so
7f619deff000-7f619df00000 r--p 0000a000 08:01 5901633                    /lib/x86_64-linux-gnu/libnss_files-2.23.so
7f619df00000-7f619df01000 rw-p 0000b000 08:01 5901633                    /lib/x86_64-linux-gnu/libnss_files-2.23.so
7f619df01000-7f619df07000 rw-p 00000000 00:00 0 
7f619df07000-7f619df12000 r-xp 00000000 08:01 5901636                    /lib/x86_64-linux-gnu/libnss_nis-2.23.so
7f619df12000-7f619e111000 ---p 0000b000 08:01 5901636                    /lib/x86_64-linux-gnu/libnss_nis-2.23.so
7f619e111000-7f619e112000 r--p 0000a000 08:01 5901636                    /lib/x86_64-linux-gnu/libnss_nis-2.23.so
7f619e112000-7f619e113000 rw-p 0000b000 08:01 5901636                    /lib/x86_64-linux-gnu/libnss_nis-2.23.so
7f619e113000-7f619e129000 r-xp 00000000 08:01 5898327                    /lib/x86_64-linux-gnu/libnsl-2.23.so
7f619e129000-7f619e328000 ---p 00016000 08:01 5898327                    /lib/x86_64-linux-gnu/libnsl-2.23.so
7f619e328000-7f619e329000 r--p 00015000 08:01 5898327                    /lib/x86_64-linux-gnu/libnsl-2.23.so
7f619e329000-7f619e32a000 rw-p 00016000 08:01 5898327                    /lib/x86_64-linux-gnu/libnsl-2.23.so
7f619e32a000-7f619e32c000 rw-p 00000000 00:00 0 
7f619e32c000-7f619e334000 r-xp 00000000 08:01 5901642                    /lib/x86_64-linux-gnu/libnss_compat-2.23.so
7f619e334000-7f619e533000 ---p 00008000 08:01 5901642                    /lib/x86_64-linux-gnu/libnss_compat-2.23.so
7f619e533000-7f619e534000 r--p 00007000 08:01 5901642                    /lib/x86_64-linux-gnu/libnss_compat-2.23.so
7f619e534000-7f619e535000 rw-p 00008000 08:01 5901642                    /lib/x86_64-linux-gnu/libnss_compat-2.23.so
7f619e535000-7f619e80d000 r--p 00000000 08:01 12461914                   /usr/lib/locale/locale-archive
7f619e80d000-7f619e80f000 r-xp 00000000 08:01 12986213                   /usr/lib/jvm/java-8-openjdk-amd64/jre/lib/amd64/libnpt.so
7f619e80f000-7f619ea0f000 ---p 00002000 08:01 12986213                   /usr/lib/jvm/java-8-openjdk-amd64/jre/lib/amd64/libnpt.so
7f619ea0f000-7f619ea10000 r--p 00002000 08:01 12986213                   /usr/lib/jvm/java-8-openjdk-amd64/jre/lib/amd64/libnpt.so
7f619ea10000-7f619ea11000 rw-p 00003000 08:01 12986213                   /usr/lib/jvm/java-8-openjdk-amd64/jre/lib/amd64/libnpt.so
7f619ea11000-7f619ea4c000 r-xp 00000000 08:01 12986026                   /usr/lib/jvm/java-8-openjdk-amd64/jre/lib/amd64/libjdwp.so
7f619ea4c000-7f619ec4b000 ---p 0003b000 08:01 12986026                   /usr/lib/jvm/java-8-openjdk-amd64/jre/lib/amd64/libjdwp.so
7f619ec4b000-7f619ec4c000 r--p 0003a000 08:01 12986026                   /usr/lib/jvm/java-8-openjdk-amd64/jre/lib/amd64/libjdwp.so
7f619ec4c000-7f619ec4d000 rw-p 0003b000 08:01 12986026                   /usr/lib/jvm/java-8-openjdk-amd64/jre/lib/amd64/libjdwp.so
7f619ec4d000-7f619ec7a000 r-xp 00000000 08:01 12986240                   /usr/lib/jvm/java-8-openjdk-amd64/jre/lib/amd64/libjava.so
7f619ec7a000-7f619ee79000 ---p 0002d000 08:01 12986240                   /usr/lib/jvm/java-8-openjdk-amd64/jre/lib/amd64/libjava.so
7f619ee79000-7f619ee7a000 r--p 0002c000 08:01 12986240                   /usr/lib/jvm/java-8-openjdk-amd64/jre/lib/amd64/libjava.so
7f619ee7a000-7f619ee7c000 rw-p 0002d000 08:01 12986240                   /usr/lib/jvm/java-8-openjdk-amd64/jre/lib/amd64/libjava.so
7f619ee7c000-7f619ee8b000 r-xp 00000000 08:01 12985174                   /usr/lib/jvm/java-8-openjdk-amd64/jre/lib/amd64/libverify.so
7f619ee8b000-7f619f08a000 ---p 0000f000 08:01 12985174                   /usr/lib/jvm/java-8-openjdk-amd64/jre/lib/amd64/libverify.so
7f619f08a000-7f619f08c000 r--p 0000e000 08:01 12985174                   /usr/lib/jvm/java-8-openjdk-amd64/jre/lib/amd64/libverify.so
7f619f08c000-7f619f08d000 rw-p 00010000 08:01 12985174                   /usr/lib/jvm/java-8-openjdk-amd64/jre/lib/amd64/libverify.so
7f619f08d000-7f619f094000 r-xp 00000000 08:01 5901638                    /lib/x86_64-linux-gnu/librt-2.23.so
7f619f094000-7f619f293000 ---p 00007000 08:01 5901638                    /lib/x86_64-linux-gnu/librt-2.23.so
7f619f293000-7f619f294000 r--p 00006000 08:01 5901638                    /lib/x86_64-linux-gnu/librt-2.23.so
7f619f294000-7f619f295000 rw-p 00007000 08:01 5901638                    /lib/x86_64-linux-gnu/librt-2.23.so
7f619f295000-7f619f2ab000 r-xp 00000000 08:01 5902693                    /lib/x86_64-linux-gnu/libgcc_s.so.1
7f619f2ab000-7f619f4aa000 ---p 00016000 08:01 5902693                    /lib/x86_64-linux-gnu/libgcc_s.so.1
7f619f4aa000-7f619f4ab000 rw-p 00015000 08:01 5902693                    /lib/x86_64-linux-gnu/libgcc_s.so.1
7f619f4ab000-7f619f5b3000 r-xp 00000000 08:01 5901647                    /lib/x86_64-linux-gnu/libm-2.23.so
7f619f5b3000-7f619f7b2000 ---p 00108000 08:01 5901647                    /lib/x86_64-linux-gnu/libm-2.23.so
7f619f7b2000-7f619f7b3000 r--p 00107000 08:01 5901647                    /lib/x86_64-linux-gnu/libm-2.23.so
7f619f7b3000-7f619f7b4000 rw-p 00108000 08:01 5901647                    /lib/x86_64-linux-gnu/libm-2.23.so
7f619f7b4000-7f619f926000 r-xp 00000000 08:01 12453887                   /usr/lib/x86_64-linux-gnu/libstdc++.so.6.0.21
7f619f926000-7f619fb26000 ---p 00172000 08:01 12453887                   /usr/lib/x86_64-linux-gnu/libstdc++.so.6.0.21
7f619fb26000-7f619fb30000 r--p 00172000 08:01 12453887                   /usr/lib/x86_64-linux-gnu/libstdc++.so.6.0.21
7f619fb30000-7f619fb32000 rw-p 0017c000 08:01 12453887                   /usr/lib/x86_64-linux-gnu/libstdc++.so.6.0.21
7f619fb32000-7f619fb36000 rw-p 00000000 00:00 0 
7f619fb36000-7f61a078a000 r-xp 00000000 08:01 12985997                   /usr/lib/jvm/java-8-openjdk-amd64/jre/lib/amd64/server/libjvm.so
7f61a078a000-7f61a098a000 ---p 00c54000 08:01 12985997                   /usr/lib/jvm/java-8-openjdk-amd64/jre/lib/amd64/server/libjvm.so
7f61a098a000-7f61a0a1d000 r--p 00c54000 08:01 12985997                   /usr/lib/jvm/java-8-openjdk-amd64/jre/lib/amd64/server/libjvm.so
7f61a0a1d000-7f61a0a46000 rw-p 00ce7000 08:01 12985997                   /usr/lib/jvm/java-8-openjdk-amd64/jre/lib/amd64/server/libjvm.so
7f61a0a46000-7f61a0a76000 rw-p 00000000 00:00 0 
7f61a0a76000-7f61a0a8e000 r-xp 00000000 08:01 5901635                    /lib/x86_64-linux-gnu/libpthread-2.23.so
7f61a0a8e000-7f61a0c8d000 ---p 00018000 08:01 5901635                    /lib/x86_64-linux-gnu/libpthread-2.23.so
7f61a0c8d000-7f61a0c8e000 r--p 00017000 08:01 5901635                    /lib/x86_64-linux-gnu/libpthread-2.23.so
7f61a0c8e000-7f61a0c8f000 rw-p 00018000 08:01 5901635                    /lib/x86_64-linux-gnu/libpthread-2.23.so
7f61a0c8f000-7f61a0c93000 rw-p 00000000 00:00 0 
7f61a0c93000-7f61a0c96000 r-xp 00000000 08:01 5901641                    /lib/x86_64-linux-gnu/libdl-2.23.so
7f61a0c96000-7f61a0e95000 ---p 00003000 08:01 5901641                    /lib/x86_64-linux-gnu/libdl-2.23.so
7f61a0e95000-7f61a0e96000 r--p 00002000 08:01 5901641                    /lib/x86_64-linux-gnu/libdl-2.23.so
7f61a0e96000-7f61a0e97000 rw-p 00003000 08:01 5901641                    /lib/x86_64-linux-gnu/libdl-2.23.so
7f61a0e97000-7f61a0eb0000 r-xp 00000000 08:01 5902846                    /lib/x86_64-linux-gnu/libz.so.1.2.8
7f61a0eb0000-7f61a10af000 ---p 00019000 08:01 5902846                    /lib/x86_64-linux-gnu/libz.so.1.2.8
7f61a10af000-7f61a10b0000 r--p 00018000 08:01 5902846                    /lib/x86_64-linux-gnu/libz.so.1.2.8
7f61a10b0000-7f61a10b1000 rw-p 00019000 08:01 5902846                    /lib/x86_64-linux-gnu/libz.so.1.2.8
7f61a10b1000-7f61a1271000 r-xp 00000000 08:01 5901652                    /lib/x86_64-linux-gnu/libc-2.23.so
7f61a1271000-7f61a1471000 ---p 001c0000 08:01 5901652                    /lib/x86_64-linux-gnu/libc-2.23.so
7f61a1471000-7f61a1475000 r--p 001c0000 08:01 5901652                    /lib/x86_64-linux-gnu/libc-2.23.so
7f61a1475000-7f61a1477000 rw-p 001c4000 08:01 5901652                    /lib/x86_64-linux-gnu/libc-2.23.so
7f61a1477000-7f61a147b000 rw-p 00000000 00:00 0 
7f61a147b000-7f61a1488000 r-xp 00000000 08:01 12984915                   /usr/lib/jvm/java-8-openjdk-amd64/jre/lib/amd64/jli/libjli.so
7f61a1488000-7f61a1688000 ---p 0000d000 08:01 12984915                   /usr/lib/jvm/java-8-openjdk-amd64/jre/lib/amd64/jli/libjli.so
7f61a1688000-7f61a1689000 r--p 0000d000 08:01 12984915                   /usr/lib/jvm/java-8-openjdk-amd64/jre/lib/amd64/jli/libjli.so
7f61a1689000-7f61a168a000 rw-p 0000e000 08:01 12984915                   /usr/lib/jvm/java-8-openjdk-amd64/jre/lib/amd64/jli/libjli.so
7f61a168a000-7f61a16b0000 r-xp 00000000 08:01 5901630                    /lib/x86_64-linux-gnu/ld-2.23.so
7f61a16b9000-7f61a16c2000 rw-s 00000000 00:05 7602196                    /SYSV00000000 (deleted)
7f61a16c2000-7f61a16c5000 r--s 0000f000 08:01 12984342                   /usr/lib/jvm/java-8-openjdk-amd64/jre/lib/ext/icedtea-sound.jar
7f61a16c5000-7f61a16ca000 r--s 0003b000 08:01 12984339                   /usr/lib/jvm/java-8-openjdk-amd64/jre/lib/ext/sunjce_provider.jar
7f61a16ca000-7f61a1788000 rw-p 00000000 00:00 0 
7f61a1788000-7f61a178b000 ---p 00000000 00:00 0 
7f61a178b000-7f61a188e000 rw-p 00000000 00:00 0 
7f61a188f000-7f61a1890000 r--s 0000a000 08:01 12984338                   /usr/lib/jvm/java-8-openjdk-amd64/jre/lib/ext/jaccess.jar
7f61a1890000-7f61a1892000 r--s 00001000 08:01 12984337                   /usr/lib/jvm/java-8-openjdk-amd64/jre/lib/ext/dnsns.jar
7f61a1892000-7f61a1893000 r--s 00010000 08:01 12984344                   /usr/lib/jvm/java-8-openjdk-amd64/jre/lib/ext/zipfs.jar
7f61a1893000-7f61a189d000 r--s 00116000 08:01 12984335                   /usr/lib/jvm/java-8-openjdk-amd64/jre/lib/ext/localedata.jar
7f61a189d000-7f61a189f000 r--s 00008000 08:01 12984343                   /usr/lib/jvm/java-8-openjdk-amd64/jre/lib/ext/sunec.jar
7f61a189f000-7f61a18a3000 r--s 00037000 08:01 12984336                   /usr/lib/jvm/java-8-openjdk-amd64/jre/lib/ext/sunpkcs11.jar
7f61a18a3000-7f61a18ab000 rw-s 00000000 08:01 8391918                    /tmp/hsperfdata_user/16427
7f61a18ab000-7f61a18ac000 rw-p 00000000 00:00 0 
7f61a18ac000-7f61a18ad000 r--p 00000000 00:00 0 
7f61a18ad000-7f61a18af000 rw-p 00000000 00:00 0 
7f61a18af000-7f61a18b0000 r--p 00025000 08:01 5901630                    /lib/x86_64-linux-gnu/ld-2.23.so
7f61a18b0000-7f61a18b1000 rw-p 00026000 08:01 5901630                    /lib/x86_64-linux-gnu/ld-2.23.so
7f61a18b1000-7f61a18b2000 rw-p 00000000 00:00 0 
7ffcbe581000-7ffcbe5a2000 rw-p 00000000 00:00 0                          [stack]
7ffcbe5c0000-7ffcbe5c2000 r--p 00000000 00:00 0                          [vvar]
7ffcbe5c2000-7ffcbe5c4000 r-xp 00000000 00:00 0                          [vdso]
ffffffffff600000-ffffffffff601000 r-xp 00000000 00:00 0                  [vsyscall]

VM Arguments:
jvm_args: -agentlib:jdwp=transport=dt_socket,suspend=y,address=localhost:45403 -Dfile.encoding=UTF-8 
java_command: mb.fc.utils.gif.GifFrame
java_class_path (initial): /home/user/Programming/workspace/QuickAnimator/bin
Launcher Type: SUN_STANDARD

Environment Variables:
PATH=/home/user/bin:/home/user/.local/bin:/usr/local/sbin:/usr/local/bin:/usr/sbin:/usr/bin:/sbin:/bin:/usr/games:/usr/local/games:/snap/bin
SHELL=/bin/bash
DISPLAY=:0

Signal Handlers:
SIGSEGV: [libjvm.so+0xa6ad10], sa_mask[0]=11111111011111111101111111111110, sa_flags=SA_RESTART|SA_SIGINFO
SIGBUS: [libjvm.so+0xa6ad10], sa_mask[0]=11111111011111111101111111111110, sa_flags=SA_RESTART|SA_SIGINFO
SIGFPE: [libjvm.so+0x8b3bc0], sa_mask[0]=11111111011111111101111111111110, sa_flags=SA_RESTART|SA_SIGINFO
SIGPIPE: [libjvm.so+0x8b3bc0], sa_mask[0]=11111111011111111101111111111110, sa_flags=SA_RESTART|SA_SIGINFO
SIGXFSZ: [libjvm.so+0x8b3bc0], sa_mask[0]=11111111011111111101111111111110, sa_flags=SA_RESTART|SA_SIGINFO
SIGILL: [libjvm.so+0x8b3bc0], sa_mask[0]=11111111011111111101111111111110, sa_flags=SA_RESTART|SA_SIGINFO
SIGUSR1: SIG_DFL, sa_mask[0]=00000000000000000000000000000000, sa_flags=none
SIGUSR2: [libjvm.so+0x8b3a70], sa_mask[0]=00100000000000000000000000000000, sa_flags=SA_RESTART|SA_SIGINFO
SIGHUP: [libjvm.so+0x8b3f40], sa_mask[0]=11111111011111111101111111111110, sa_flags=SA_RESTART|SA_SIGINFO
SIGINT: [libjvm.so+0x8b3f40], sa_mask[0]=11111111011111111101111111111110, sa_flags=SA_RESTART|SA_SIGINFO
SIGTERM: [libjvm.so+0x8b3f40], sa_mask[0]=11111111011111111101111111111110, sa_flags=SA_RESTART|SA_SIGINFO
SIGQUIT: [libjvm.so+0x8b3f40], sa_mask[0]=11111111011111111101111111111110, sa_flags=SA_RESTART|SA_SIGINFO


---------------  S Y S T E M  ---------------

OS:DISTRIB_ID=Ubuntu
DISTRIB_RELEASE=16.04
DISTRIB_CODENAME=xenial
DISTRIB_DESCRIPTION="Ubuntu 16.04.1 LTS"

uname:Linux 4.4.0-91-generic #114-Ubuntu SMP Tue Aug 8 11:56:56 UTC 2017 x86_64
libc:glibc 2.23 NPTL 2.23 
rlimit: STACK 8192k, CORE 0k, NPROC 47564, NOFILE 65536, AS infinity
load average:0.47 0.48 0.53

/proc/meminfo:
MemTotal:       12216964 kB
MemFree:         7731428 kB
MemAvailable:    9180224 kB
Buffers:          282220 kB
Cached:          1798156 kB
SwapCached:            0 kB
Active:          2921624 kB
Inactive:        1225080 kB
Active(anon):    2068268 kB
Inactive(anon):   489624 kB
Active(file):     853356 kB
Inactive(file):   735456 kB
Unevictable:         100 kB
Mlocked:             100 kB
SwapTotal:      12495868 kB
SwapFree:       12495868 kB
Dirty:                16 kB
Writeback:             0 kB
AnonPages:       2065244 kB
Mapped:           324196 kB
Shmem:            492452 kB
Slab:             220188 kB
SReclaimable:     183660 kB
SUnreclaim:        36528 kB
KernelStack:       13712 kB
PageTables:        24164 kB
NFS_Unstable:          0 kB
Bounce:                0 kB
WritebackTmp:          0 kB
CommitLimit:    18604348 kB
Committed_AS:    5367840 kB
VmallocTotal:   34359738367 kB
VmallocUsed:           0 kB
VmallocChunk:          0 kB
HardwareCorrupted:     0 kB
AnonHugePages:   1765376 kB
CmaTotal:              0 kB
CmaFree:               0 kB
HugePages_Total:       0
HugePages_Free:        0
HugePages_Rsvd:        0
HugePages_Surp:        0
Hugepagesize:       2048 kB
DirectMap4k:      110848 kB
DirectMap2M:    12386304 kB


CPU:total 4 (initial active 4) (2 cores per cpu, 2 threads per core) family 6 model 42 stepping 7, cmov, cx8, fxsr, mmx, sse, sse2, sse3, ssse3, sse4.1, sse4.2, popcnt, avx, aes, clmul, ht, tsc, tscinvbit

/proc/cpuinfo:
processor	: 0
vendor_id	: GenuineIntel
cpu family	: 6
model		: 42
model name	: Intel(R) Core(TM) i5-2410M CPU @ 2.30GHz
stepping	: 7
microcode	: 0x29
cpu MHz		: 2599.718
cache size	: 3072 KB
physical id	: 0
siblings	: 4
core id		: 0
cpu cores	: 2
apicid		: 0
initial apicid	: 0
fpu		: yes
fpu_exception	: yes
cpuid level	: 13
wp		: yes
flags		: fpu vme de pse tsc msr pae mce cx8 apic sep mtrr pge mca cmov pat pse36 clflush dts acpi mmx fxsr sse sse2 ss ht tm pbe syscall nx rdtscp lm constant_tsc arch_perfmon pebs bts rep_good nopl xtopology nonstop_tsc aperfmperf eagerfpu pni pclmulqdq dtes64 monitor ds_cpl vmx est tm2 ssse3 cx16 xtpr pdcm pcid sse4_1 sse4_2 x2apic popcnt tsc_deadline_timer aes xsave avx lahf_lm epb tpr_shadow vnmi flexpriority ept vpid xsaveopt dtherm ida arat pln pts
bugs		:
bogomips	: 4589.18
clflush size	: 64
cache_alignment	: 64
address sizes	: 36 bits physical, 48 bits virtual
power management:

processor	: 1
vendor_id	: GenuineIntel
cpu family	: 6
model		: 42
model name	: Intel(R) Core(TM) i5-2410M CPU @ 2.30GHz
stepping	: 7
microcode	: 0x29
cpu MHz		: 2599.718
cache size	: 3072 KB
physical id	: 0
siblings	: 4
core id		: 0
cpu cores	: 2
apicid		: 1
initial apicid	: 1
fpu		: yes
fpu_exception	: yes
cpuid level	: 13
wp		: yes
flags		: fpu vme de pse tsc msr pae mce cx8 apic sep mtrr pge mca cmov pat pse36 clflush dts acpi mmx fxsr sse sse2 ss ht tm pbe syscall nx rdtscp lm constant_tsc arch_perfmon pebs bts rep_good nopl xtopology nonstop_tsc aperfmperf eagerfpu pni pclmulqdq dtes64 monitor ds_cpl vmx est tm2 ssse3 cx16 xtpr pdcm pcid sse4_1 sse4_2 x2apic popcnt tsc_deadline_timer aes xsave avx lahf_lm epb tpr_shadow vnmi flexpriority ept vpid xsaveopt dtherm ida arat pln pts
bugs		:
bogomips	: 4589.18
clflush size	: 64
cache_alignment	: 64
address sizes	: 36 bits physical, 48 bits virtual
power management:

processor	: 2
vendor_id	: GenuineIntel
cpu family	: 6
model		: 42
model name	: Intel(R) Core(TM) i5-2410M CPU @ 2.30GHz
stepping	: 7
microcode	: 0x29
cpu MHz		: 2599.718
cache size	: 3072 KB
physical id	: 0
siblings	: 4
core id		: 1
cpu cores	: 2
apicid		: 2
initial apicid	: 2
fpu		: yes
fpu_exception	: yes
cpuid level	: 13
wp		: yes
flags		: fpu vme de pse tsc msr pae mce cx8 apic sep mtrr pge mca cmov pat pse36 clflush dts acpi mmx fxsr sse sse2 ss ht tm pbe syscall nx rdtscp lm constant_tsc arch_perfmon pebs bts rep_good nopl xtopology nonstop_tsc aperfmperf eagerfpu pni pclmulqdq dtes64 monitor ds_cpl vmx est tm2 ssse3 cx16 xtpr pdcm pcid sse4_1 sse4_2 x2apic popcnt tsc_deadline_timer aes xsave avx lahf_lm epb tpr_shadow vnmi flexpriority ept vpid xsaveopt dtherm ida arat pln pts
bugs		:
bogomips	: 4589.18
clflush size	: 64
cache_alignment	: 64
address sizes	: 36 bits physical, 48 bits virtual
power management:

processor	: 3
vendor_id	: GenuineIntel
cpu family	: 6
model		: 42
model name	: Intel(R) Core(TM) i5-2410M CPU @ 2.30GHz
stepping	: 7
microcode	: 0x29
cpu MHz		: 2633.050
cache size	: 3072 KB
physical id	: 0
siblings	: 4
core id		: 1
cpu cores	: 2
apicid		: 3
initial apicid	: 3
fpu		: yes
fpu_exception	: yes
cpuid level	: 13
wp		: yes
flags		: fpu vme de pse tsc msr pae mce cx8 apic sep mtrr pge mca cmov pat pse36 clflush dts acpi mmx fxsr sse sse2 ss ht tm pbe syscall nx rdtscp lm constant_tsc arch_perfmon pebs bts rep_good nopl xtopology nonstop_tsc aperfmperf eagerfpu pni pclmulqdq dtes64 monitor ds_cpl vmx est tm2 ssse3 cx16 xtpr pdcm pcid sse4_1 sse4_2 x2apic popcnt tsc_deadline_timer aes xsave avx lahf_lm epb tpr_shadow vnmi flexpriority ept vpid xsaveopt dtherm ida arat pln pts
bugs		:
bogomips	: 4589.18
clflush size	: 64
cache_alignment	: 64
address sizes	: 36 bits physical, 48 bits virtual
power management:



Memory: 4k page, physical 12216964k(7742808k free), swap 12495868k(12495868k free)

vm_info: OpenJDK 64-Bit Server VM (25.131-b11) for linux-amd64 JRE (1.8.0_131-8u131-b11-2ubuntu1.16.04.3-b11), built on Jul 28 2017 01:23:32 by "buildd" with gcc 5.4.0 20160609

time: Thu Aug 17 16:18:54 2017
elapsed time: 957 seconds (0d 0h 15m 57s)

